RMC Calculation Starting......
Input File=inp2     2012/07/19 21:42:55 Thursday 

------------------ Input File Start -------------------- 
// Hexagon Lattice  SHE DING : 2012-07-17 //
  
universe 0                                        
1   0    -1  Fill = 1             // Assembly inside  
2   0    1   imp = 0              // Assembly outside

universe 1 origin = 4.76 -8.25  0 , rotate = 0 1 0 -1 0 0 0 0 1, lat = 2, pitch = 1.10 1.10, scope = 11  11, sita = 60, plane = 0 1,
8 8 8 8 8 8 8 8 8 8 8
8 8 8 8 8 8 8 8 8 8 8
8 8 8 8 8 8 8 8 8 8 8
8 8 8 8 8 8 8 8 8 8 8
8 8 8 8 8 8 8 8 8 8 8
8 8 8 8 8 8 8 8 8 8 8
8 8 8 8 8 8 8 8 8 8 8
8 8 8 8 8 8 8 8 8 8 8
8 8 8 8 8 8 8 8 8 8 8
8 8 8 8 8 8 8 8 8 8 8
8 8 8 8 8 8 8 8 8 8 8

universe 8               
3    1    -2                        // inner       // Fuel rod 
4    2    2                         // inner       // Air   

surf    
*1   cz   1.1
2    cz   0.35 

Mat   
m1    -10.196                   
      92235.30c   6.9100E-03    
      92238.30c   2.2062E-01    
      8016.30c    4.5510E-01    
m2    9.9977E-02
      1001.30c    6.6643E-02
      8016.30c    3.3334E-02
sabm2 lwtr.01t


kcode  1.0   1000  20  50
ksrc   point 0 0 0

tally type = 1 
      cell = 1 > 60 > 3
             1 > 61 > 3
             1 > 62 > 3
             1 > 72 > 3
             1 > 50 > 3
---------------------- Input File End------------------------ 

Reading input file......Finished.
******** Calculation mode: criticality ********
Reading XSDIR/ACE library......Finished. 
ACE Energy-bin search is accelerated by Hash table.
------------------ Material Information Start-------------------- 
Material    Nuclide    Mass Density     Atom Density      User Input
1             Sum      1.0196E+01      6.8239E-02      -1.0196E+01
           92235.30c   2.6961E-01      6.9076E-04      6.9100E-03
           92238.30c   8.7180E+00      2.2054E-02      2.2062E-01
           8016.30c    1.2084E+00      4.5494E-02      4.5510E-01
2             Sum      9.9690E-01      9.9977E-02      9.9977E-02
           1001.30c    1.1153E-01      6.6643E-02      6.6643E-02
           8016.30c    8.8537E-01      3.3334E-02      3.3334E-02
------------------ Material Information End-------------------- 
 92235.30c temperature = 2.5852E-08 adjusted to 2.5300E-08
 92238.30c temperature = 2.5852E-08 adjusted to 2.5300E-08
  8016.30c temperature = 2.5852E-08 adjusted to 2.5300E-08
  1001.30c temperature = 2.5852E-08 adjusted to 2.5300E-08
Doppler broaden is applied to 4 cross-sections.
Fast fission bank gathering is used.
Checking initial fission source...Finished.

=========================================================================================================================================
                      keff estimators by cycle             individual average keff and deviation           combined average keff 
cycle   history      k(col)    k(abs)     k(tl)     k(col)   st dev     k(abs)  st dev      k(tl) st dev     k(c/a/t)  st dev    Time(min) 
1       1400      | 1.380789  1.412694  1.354960 |                                                                                0.0088
2       1027      | 1.411078  1.398961  1.441603 |                                                                                0.0105
3       971       | 1.420284  1.408892  1.412808 |                                                                                0.0118
4       1005      | 1.374959  1.404055  1.398185 |                                                                                0.0132
5       1012      | 1.390844  1.394616  1.447877 |                                                                                0.0145
6       987       | 1.399416  1.395315  1.409306 |                                                                                0.0158
7       1005      | 1.370506  1.411060  1.378067 |                                                                                0.0171
8       1032      | 1.406536  1.427013  1.378557 |                                                                                0.0184
9       975       | 1.421987  1.396666  1.437601 |                                                                                0.0197
10      1023      | 1.440119  1.404492  1.412364 |                                                                                0.0210
=========================================================================================================================================
11      968       | 1.400870  1.391376  1.347821 |                                                                                0.0223
12      958       | 1.397548  1.393641  1.360764 |                                                                                0.0238
13      991       | 1.371273  1.375649  1.393165 |                                                                                0.0249
14      1017      | 1.416467  1.402854  1.377825 |                                                                                0.0264
15      998       | 1.424065  1.394085  1.404688 |                                                                                0.0277
16      956       | 1.434750  1.377871  1.495802 |                                                                                0.0293
17      1000      | 1.385345  1.401161  1.375888 |                                                                                0.0306
18      1062      | 1.423273  1.398777  1.379185 |                                                                                0.0319
19      986       | 1.418009  1.383023  1.462134 |                                                                                0.0335
20      970       | 1.393338  1.397757  1.379711 |                                                                                0.0347
================== start active cycles ==================================================================================================
21      1032      | 1.489322  1.425460  1.454119 | 1.489322 0.000000  1.425460 0.000000  1.454119 0.000000 | 0.000000 0.000000 |  0.0366
22      959       | 1.349000  1.391053  1.397904 | 1.419161 0.070161  1.408257 0.017203  1.426011 0.028107 | 0.000000 0.000000 |  0.0388
23      1038      | 1.383085  1.379123  1.351256 | 1.407136 0.042255  1.398545 0.013891  1.401093 0.029737 | 0.000000 0.000000 |  0.0406
24      1017      | 1.408331  1.398603  1.430412 | 1.407435 0.029880  1.398560 0.009822  1.408423 0.022268 | 1.392371 0.006926 |  0.0424
25      1011      | 1.399688  1.418761  1.392864 | 1.405885 0.023197  1.402600 0.008615  1.405311 0.017527 | 1.401713 0.010619 |  0.0442
26      977       | 1.347644  1.389863  1.361615 | 1.396178 0.021283  1.400477 0.007347  1.398028 0.016057 | 1.401589 0.007922 |  0.0460
27      1017      | 1.358336  1.419754  1.335167 | 1.390772 0.018782  1.403231 0.006793  1.389048 0.016273 | 1.403194 0.008106 |  0.0478
28      953       | 1.297136  1.381621  1.266097 | 1.379068 0.020039  1.400530 0.006473  1.373679 0.020852 | 1.403211 0.007923 |  0.0494
29      981       | 1.384351  1.376354  1.396037 | 1.379655 0.017683  1.397843 0.006309  1.376163 0.018557 | 1.399097 0.007499 |  0.0510
30      989       | 1.395180  1.406355  1.376230 | 1.381207 0.015892  1.398695 0.005707  1.376170 0.016598 | 1.399605 0.006706 |  0.0528
=========================================================================================================================================
31      952       | 1.348254  1.358999  1.378985 | 1.378212 0.014684  1.395086 0.006298  1.376426 0.015015 | 1.395876 0.006861 |  0.0543
32      997       | 1.415046  1.366553  1.414181 | 1.381281 0.013751  1.392708 0.006222  1.379572 0.014064 | 1.391919 0.006545 |  0.0562
33      1007      | 1.434036  1.402630  1.448355 | 1.385339 0.013284  1.393471 0.005774  1.384863 0.013977 | 1.393400 0.005982 |  0.0580
34      1016      | 1.431675  1.408256  1.370089 | 1.388649 0.012736  1.394528 0.005449  1.383808 0.012983 | 1.393220 0.005542 |  0.0598
35      994       | 1.375631  1.387839  1.354361 | 1.387781 0.011889  1.394082 0.005092  1.381845 0.012245 | 1.392587 0.005247 |  0.0616
36      989       | 1.403017  1.405409  1.420145 | 1.388733 0.011161  1.394790 0.004816  1.384239 0.011702 | 1.393838 0.004973 |  0.0633
37      988       | 1.433418  1.377910  1.438021 | 1.391362 0.010809  1.393797 0.004631  1.387402 0.011438 | 1.392773 0.004672 |  0.0649
38      959       | 1.365324  1.378770  1.384824 | 1.389915 0.010293  1.392962 0.004445  1.387259 0.010785 | 1.392214 0.004402 |  0.0668
39      1019      | 1.429994  1.398150  1.388132 | 1.392025 0.009962  1.393235 0.004214  1.387305 0.010201 | 1.392024 0.004185 |  0.0684
40      1014      | 1.390609  1.401596  1.402726 | 1.391954 0.009451  1.393653 0.004019  1.388076 0.009709 | 1.392686 0.003997 |  0.0703
=========================================================================================================================================
41      1001      | 1.397704  1.394997  1.393187 | 1.392228 0.008994  1.393717 0.003824  1.388319 0.009238 | 1.392749 0.003793 |  0.0719
42      996       | 1.385761  1.402161  1.367002 | 1.391934 0.008580  1.394101 0.003666  1.387350 0.008861 | 1.392927 0.003635 |  0.0738
43      1016      | 1.419743  1.429773  1.422560 | 1.393143 0.008287  1.395652 0.003831  1.388881 0.008604 | 1.394593 0.003869 |  0.0754
44      1035      | 1.425647  1.420954  1.402595 | 1.394497 0.008049  1.396706 0.003816  1.389453 0.008258 | 1.395364 0.003834 |  0.0771
45      991       | 1.420678  1.374652  1.426106 | 1.395544 0.007791  1.395824 0.003765  1.390919 0.008055 | 1.394569 0.003718 |  0.0791
46      986       | 1.395553  1.390638  1.352744 | 1.395545 0.007486  1.395624 0.003623  1.389451 0.007877 | 1.394186 0.003653 |  0.0808
47      990       | 1.421727  1.375328  1.385848 | 1.396514 0.007268  1.394873 0.003566  1.389317 0.007581 | 1.393560 0.003663 |  0.0826
48      1013      | 1.404057  1.429720  1.422368 | 1.396784 0.007009  1.396117 0.003655  1.390497 0.007400 | 1.395190 0.003766 |  0.0844
49      984       | 1.426583  1.405682  1.414829 | 1.397811 0.006841  1.396447 0.003542  1.391337 0.007189 | 1.395552 0.003660 |  0.0861
50      993       | 1.404799  1.411152  1.382325 | 1.398044 0.006613  1.396937 0.003457  1.391036 0.006952 | 1.395861 0.003575 |  0.0879

******************* Tally Table Start *******************
************ 1 tallies in total follows. ************
**** Fission energy tally: ID = -1, Cell Number = 5 ****
cell = 1 > 60 > 3
                         1.2361E+01      0.010460
cell = 1 > 61 > 3
                         2.7610E+01      0.006277
cell = 1 > 62 > 3
                         1.2582E+01      0.011261
cell = 1 > 72 > 3
                         1.2204E+01      0.011313
cell = 1 > 50 > 3
                         1.2776E+01      0.010519
******************** Tally Table End ********************

Average collisons per partile: 36.71 

Final Keff: 1.395861      Variance: 0.003575

RMC Calculation Finish.
Total Calculation Time: 0.088 minutes(cpu), 0.083 minutes(wall)
Input File=inp2   Output File=inp2.out     2012/07/19 21:43:00 Thursday
