RMC Calculation Starting......
Input File=inp2     2012/08/15 13:25:14 Wednesday 

------------------ Input File Start -------------------- 
// STANDARD WESTINGHOUSE 17*17 ASSEMBLY MODEL.  SHE DING : 2012-03-08 //
  
universe 0                                        
1   m0    6 & -7 & 8 & -9  Fill = 6            // Assembly inside  
2   m0    -6 : 7 : -8 : 9  void             // Assembly outside

universe 6  move = 0 0 0 ,  rotate = 0 1 0 0 0 1 1 0 0  ,  lat = 1 , pitch = 21.42 1 21.42  , scope = 5  1  5, fill= 
8 8 8 8 8
8 8 8 8 8
8 8 8 8 8
8 8 8 8 8
8 8 8 8 8

universe 8 move = 0 0 0 , lat = 1 , pitch = 1.26 1  1.26 , scope =  17  1 17  , fill=
1 1 1 1 1 1 1 1 1 1 1 1 1 1 1 1 1
1 1 1 1 1 1 1 1 1 1 1 1 1 1 1 1 1
1 1 1 1 1 3 1 1 3 1 1 3 1 1 1 1 1
1 1 1 3 1 1 1 1 1 1 1 1 1 3 1 1 1
1 1 1 1 1 1 1 1 1 1 1 1 1 1 1 1 1
1 1 3 1 1 3 1 1 3 1 1 3 1 1 3 1 1
1 1 1 1 1 1 1 1 1 1 1 1 1 1 1 1 1
1 1 1 1 1 1 1 1 1 1 1 1 1 1 1 1 1
1 1 3 1 1 3 1 1 3 1 1 3 1 1 3 1 1
1 1 1 1 1 1 1 1 1 1 1 1 1 1 1 1 1
1 1 1 1 1 1 1 1 1 1 1 1 1 1 1 1 1
1 1 3 1 1 3 1 1 3 1 1 3 1 1 3 1 1
1 1 1 1 1 1 1 1 1 1 1 1 1 1 1 1 1
1 1 1 3 1 1 1 1 1 1 1 1 1 3 1 1 1
1 1 1 1 1 3 1 1 3 1 1 3 1 1 1 1 1
1 1 1 1 1 1 1 1 1 1 1 1 1 1 1 1 1
1 1 1 1 1 1 1 1 1 1 1 1 1 1 1 1 1
 

universe 1 move = 0.63 0 0.63          // Fuel rod 
3    m1    -1                       inner       // Fuel 
4    m3    1 & -2                   inner       // Air   
5    m4    2 & -3                   inner       // Zr       
6    m5    3                                     // water

universe 3 move = 0.63 0 0.63          // Guide tube 
11   m5    -4                       inner       // water 
12   m4    4 & -5                   inner       // Air        
13   m5    5                                     // water

surf    
1    cy   0.4096 
2    cy   0.4178 
3    cy   0.4750 
4    cy   0.5690 
5    cy   0.6147
*6   px   0 
*7   px   107.1
*8   py   0
*9   py   107.1

Mat   
m1    -10.196                   
      92235.30c   6.9100E-03    
      92238.30c   2.2062E-01    
      8016.30c    4.5510E-01    
m3    -0.001
      8016.30c    3.76622E-5
m4    -6.550
      40000.60c  -98.2
m5    9.9977E-02
      1001.30c    6.6643E-02
      8016.30c    3.3334E-02


kcode  1.0   5000  10  20
ksrc point 0.63  0.63 0 
 
---------------------- Input File End------------------------ 

Reading input file......Finished.
******** Calculation mode: criticality ********
Reading XSDIR/ACE library......Finished. 
ACE Energy-bin search is accelerated by Hash table.
------------------ Material Information Start-------------------- 
Material    Nuclide    Mass Density     Atom Density      User Input
1             Sum      1.0196E+01      6.8239E-02      -1.0196E+01
           92235.30c   2.6961E-01      6.9076E-04      6.9100E-03
           92238.30c   8.7180E+00      2.2054E-02      2.2062E-01
           8016.30c    1.2084E+00      4.5494E-02      4.5510E-01
3             Sum      1.0000E-03      3.7650E-05      -1.0000E-03
           8016.30c    1.0000E-03      3.7650E-05      3.7662E-05
4             Sum      6.5500E+00      4.3241E-02      -6.5500E+00
           40000.60c   6.5500E+00      4.3241E-02      -9.8200E+01
5             Sum      9.9690E-01      9.9977E-02      9.9977E-02
           1001.30c    1.1153E-01      6.6643E-02      6.6643E-02
           8016.30c    8.8537E-01      3.3334E-02      3.3334E-02
------------------ Material Information End-------------------- 
 92235.30c temperature = 2.5852E-08 adjusted to 2.5300E-08
 92238.30c temperature = 2.5852E-08 adjusted to 2.5300E-08
  8016.30c temperature = 2.5852E-08 adjusted to 2.5300E-08
  1001.30c temperature = 2.5852E-08 adjusted to 2.5300E-08
Doppler broaden is applied to 4 cross-sections.
Fast fission bank gathering is used.
Checking initial fission source...Finished.

=========================================================================================================================================
                      keff estimators by cycle             individual average keff and deviation           combined average keff 
cycle   history      k(col)    k(abs)     k(tl)     k(col)   st dev     k(abs)  st dev      k(tl) st dev     k(c/a/t)  st dev    Time(min) 
1       6989      | 1.408134  1.410536  1.399970 |                                                                                0.0216
2       5021      | 1.402289  1.414058  1.384686 |                                                                                0.0351
3       5013      | 1.419563  1.406724  1.412390 |                                                                                0.0457
4       4880      | 1.433131  1.399260  1.436030 |                                                                                0.0564
5       4950      | 1.415170  1.411535  1.418401 |                                                                                0.0665
6       4985      | 1.397936  1.408719  1.384234 |                                                                                0.0773
7       4997      | 1.394419  1.403415  1.387221 |                                                                                0.0874
8       4900      | 1.399808  1.383319  1.408209 |                                                                                0.0991
9       5015      | 1.391601  1.406190  1.399245 |                                                                                0.1090
10      4990      | 1.417304  1.387545  1.433276 |                                                                                0.1212
================== start active cycles ==================================================================================================
11      4972      | 1.389097  1.411519  1.364369 | 1.389097 0.000000  1.411519 0.000000  1.364369 0.000000 | 0.000000 0.000000 |  0.1332
12      5019      | 1.411507  1.404521  1.440446 | 1.400302 0.011205  1.408020 0.003499  1.402408 0.038038 | 0.000000 0.000000 |  0.1460
13      5045      | 1.408343  1.418469  1.401908 | 1.402982 0.007003  1.411503 0.004027  1.402241 0.021962 | 0.000000 0.000000 |  0.1588
14      5033      | 1.408439  1.426127  1.390394 | 1.404346 0.005136  1.415159 0.004634  1.399279 0.015809 | 1.449973 0.039680 |  0.1708
15      4845      | 1.393582  1.406750  1.393998 | 1.402193 0.004524  1.413477 0.003964  1.398223 0.012291 | 1.428335 0.013803 |  0.1843
16      4946      | 1.407106  1.403862  1.418230 | 1.403012 0.003783  1.411875 0.003612  1.401557 0.010575 | 1.413765 0.009279 |  0.1958
17      4953      | 1.376919  1.407911  1.373187 | 1.399284 0.004911  1.411309 0.003104  1.397504 0.009814 | 1.413326 0.004643 |  0.2090
18      4984      | 1.410233  1.413096  1.410305 | 1.400653 0.004468  1.411532 0.002698  1.399104 0.008648 | 1.413453 0.003661 |  0.2210
19      5002      | 1.406343  1.407930  1.405473 | 1.401285 0.003991  1.411132 0.002413  1.399812 0.007660 | 1.412132 0.003115 |  0.2332
20      4986      | 1.405801  1.404046  1.398236 | 1.401737 0.003598  1.410423 0.002271  1.399654 0.006853 | 1.409542 0.002799 |  0.2454

Average collisons per partile: 34.95 

Final Keff: 1.409542      Variance: 0.002799

RMC Calculation Finish.
Total Calculation Time: 0.246 minutes(cpu), 0.250 minutes(wall)
Input File=inp2   Output File=inp2.out     2012/08/15 13:25:29 Wednesday
