RMC Calculation Starting......
Input File=inp1     2012/07/19 21:45:24 Thursday 

------------------ Input File Start -------------------- 
// Hexagon Lattice  SHE DING : 2012-07-17 //
  
universe 0                                        
1   0    -1  Fill = 1             // Assembly inside  
2   0    1   imp = 0              // Assembly outside

universe 1 origin = -8.25 -4.76 0 lat = 2, pitch = 1.10 1.10, scope = 11  11, sita = 60, plane = 0 1,
8 8 8 8 8 8 8 8 8 8 8
8 8 8 8 8 8 8 8 8 8 8
8 8 8 8 8 8 8 8 8 8 8
8 8 8 8 8 8 8 8 8 8 8
8 8 8 8 8 8 8 8 8 8 8
8 8 8 8 8 8 8 8 8 8 8
8 8 8 8 8 8 8 8 8 8 8
8 8 8 8 8 8 8 8 8 8 8
8 8 8 8 8 8 8 8 8 8 8
8 8 8 8 8 8 8 8 8 8 8
8 8 8 8 8 8 8 8 8 8 8

universe 8               
3    1    -2                        // inner       // Fuel rod 
4    2    2                         // inner       // Air   

surf    
*1   cz   3
2    cz   0.35 

Mat   
m1    -10.196                   
      92235.30c   6.9100E-03    
      92238.30c   2.2062E-01    
      8016.30c    4.5510E-01    
m2    9.9977E-02
      1001.30c    6.6643E-02
      8016.30c    3.3334E-02
sabm2 lwtr.01t


kcode  1.0   1000  20  50
ksrc   point 0 0 0

tally type = 1 
      cell = 1 > 60 > 3
             1 > 61 > 3
             1 > 62 > 3
             1 > 72 > 3
             1 > 50 > 3
---------------------- Input File End------------------------ 

Reading input file......Finished.
******** Calculation mode: criticality ********
Reading XSDIR/ACE library......Finished. 
ACE Energy-bin search is accelerated by Hash table.
------------------ Material Information Start-------------------- 
Material    Nuclide    Mass Density     Atom Density      User Input
1             Sum      1.0196E+01      6.8239E-02      -1.0196E+01
           92235.30c   2.6961E-01      6.9076E-04      6.9100E-03
           92238.30c   8.7180E+00      2.2054E-02      2.2062E-01
           8016.30c    1.2084E+00      4.5494E-02      4.5510E-01
2             Sum      9.9690E-01      9.9977E-02      9.9977E-02
           1001.30c    1.1153E-01      6.6643E-02      6.6643E-02
           8016.30c    8.8537E-01      3.3334E-02      3.3334E-02
------------------ Material Information End-------------------- 
 92235.30c temperature = 2.5852E-08 adjusted to 2.5300E-08
 92238.30c temperature = 2.5852E-08 adjusted to 2.5300E-08
  8016.30c temperature = 2.5852E-08 adjusted to 2.5300E-08
  1001.30c temperature = 2.5852E-08 adjusted to 2.5300E-08
Doppler broaden is applied to 4 cross-sections.
Fast fission bank gathering is used.
Checking initial fission source...Finished.

=========================================================================================================================================
                      keff estimators by cycle             individual average keff and deviation           combined average keff 
cycle   history      k(col)    k(abs)     k(tl)     k(col)   st dev     k(abs)  st dev      k(tl) st dev     k(c/a/t)  st dev    Time(min) 
1       1359      | 1.430550  1.374593  1.448046 |                                                                                0.0092
2       992       | 1.381365  1.432476  1.378507 |                                                                                0.0112
3       1010      | 1.418800  1.386404  1.405168 |                                                                                0.0123
4       998       | 1.392664  1.408276  1.414413 |                                                                                0.0137
5       1011      | 1.342984  1.389170  1.343597 |                                                                                0.0150
6       1011      | 1.374958  1.398893  1.406881 |                                                                                0.0165
7       994       | 1.398464  1.409155  1.394718 |                                                                                0.0179
8       995       | 1.465950  1.398341  1.527624 |                                                                                0.0192
9       989       | 1.445397  1.407949  1.467081 |                                                                                0.0205
10      979       | 1.437718  1.429964  1.414039 |                                                                                0.0216
=========================================================================================================================================
11      998       | 1.345422  1.408221  1.310370 |                                                                                0.0229
12      1039      | 1.433789  1.408729  1.497059 |                                                                                0.0241
13      988       | 1.412600  1.411236  1.416473 |                                                                                0.0254
14      994       | 1.461169  1.408298  1.477559 |                                                                                0.0267
15      962       | 1.405184  1.398115  1.396222 |                                                                                0.0279
16      1025      | 1.414582  1.430343  1.433595 |                                                                                0.0292
17      997       | 1.380609  1.408583  1.448571 |                                                                                0.0304
18      1055      | 1.430845  1.428039  1.413174 |                                                                                0.0317
19      965       | 1.411152  1.376410  1.440940 |                                                                                0.0331
20      989       | 1.386516  1.385826  1.404471 |                                                                                0.0342
================== start active cycles ==================================================================================================
21      1057      | 1.462852  1.427241  1.492239 | 1.462852 0.000000  1.427241 0.000000  1.492239 0.000000 | 0.000000 0.000000 |  0.0359
22      960       | 1.413523  1.396122  1.415724 | 1.438187 0.024665  1.411682 0.015559  1.453982 0.038258 | 0.000000 0.000000 |  0.0377
23      973       | 1.351273  1.401776  1.345739 | 1.409216 0.032282  1.408380 0.009571  1.417901 0.042305 | 0.000000 0.000000 |  0.0392
24      1024      | 1.323874  1.354865  1.342724 | 1.387880 0.031245  1.395001 0.014993  1.399107 0.035328 | 1.405955 0.030941 |  0.0407
25      1012      | 1.432897  1.407377  1.403137 | 1.396884 0.025823  1.397476 0.011874  1.399913 0.027377 | 1.398103 0.013521 |  0.0424
26      972       | 1.369557  1.399612  1.329273 | 1.392329 0.021571  1.397832 0.009702  1.388139 0.025264 | 1.399148 0.010300 |  0.0441
27      1000      | 1.443576  1.390931  1.463862 | 1.399650 0.019646  1.396846 0.008259  1.398957 0.023936 | 1.395876 0.008865 |  0.0456
28      1026      | 1.490059  1.428500  1.486029 | 1.410951 0.020425  1.400803 0.008174  1.409841 0.023413 | 1.396935 0.007908 |  0.0472
29      1016      | 1.368880  1.394589  1.363792 | 1.406277 0.018610  1.400113 0.007242  1.404724 0.021273 | 1.397567 0.006699 |  0.0487
30      1032      | 1.411306  1.404217  1.423523 | 1.406780 0.016653  1.400523 0.006490  1.406604 0.019119 | 1.398401 0.005931 |  0.0504
=========================================================================================================================================
31      986       | 1.371660  1.386415  1.362933 | 1.403587 0.015398  1.399240 0.006009  1.402634 0.017744 | 1.397490 0.005353 |  0.0521
32      998       | 1.377758  1.386705  1.369525 | 1.401434 0.014220  1.398196 0.005584  1.399875 0.016431 | 1.396654 0.004918 |  0.0537
33      1046      | 1.426627  1.404584  1.465481 | 1.403372 0.013223  1.398687 0.005160  1.404922 0.015935 | 1.397368 0.004544 |  0.0554
34      995       | 1.343675  1.409136  1.376938 | 1.399108 0.012964  1.399434 0.004835  1.402923 0.014888 | 1.399484 0.004868 |  0.0571
35      1039      | 1.425928  1.427859  1.406529 | 1.400896 0.012200  1.401329 0.004884  1.403163 0.013862 | 1.401598 0.004894 |  0.0587
36      973       | 1.412333  1.385336  1.392340 | 1.401611 0.011435  1.400329 0.004677  1.402487 0.012984 | 1.400134 0.004769 |  0.0604
37      979       | 1.429036  1.382160  1.429972 | 1.403224 0.010861  1.399260 0.004521  1.404104 0.012303 | 1.398823 0.004743 |  0.0621
38      988       | 1.369655  1.397639  1.423350 | 1.401359 0.010409  1.399170 0.004263  1.405173 0.011649 | 1.398933 0.004491 |  0.0636
39      1000      | 1.420987  1.400889  1.468216 | 1.402392 0.009900  1.399261 0.004034  1.408491 0.011507 | 1.398926 0.004306 |  0.0652
40      999       | 1.449403  1.390384  1.425783 | 1.404743 0.009681  1.398817 0.003852  1.409355 0.010951 | 1.398213 0.004140 |  0.0667
=========================================================================================================================================
41      1025      | 1.409867  1.419917  1.395440 | 1.404987 0.009212  1.399822 0.003800  1.408693 0.010437 | 1.399503 0.004058 |  0.0686
42      973       | 1.439775  1.391208  1.446552 | 1.406568 0.008924  1.399430 0.003644  1.410414 0.010099 | 1.399121 0.003939 |  0.0704
43      980       | 1.371386  1.392177  1.359969 | 1.405038 0.008664  1.399115 0.003496  1.408220 0.009896 | 1.398802 0.003727 |  0.0720
44      978       | 1.465861  1.378793  1.441113 | 1.407573 0.008673  1.398268 0.003453  1.409591 0.009574 | 1.398182 0.003739 |  0.0737
45      1066      | 1.427471  1.442117  1.384626 | 1.408369 0.008357  1.400022 0.003748  1.408592 0.009237 | 1.400329 0.003970 |  0.0754
46      1012      | 1.439562  1.417416  1.428157 | 1.409568 0.008118  1.400691 0.003662  1.409345 0.008906 | 1.400923 0.003883 |  0.0771
47      1012      | 1.424009  1.418788  1.422153 | 1.410103 0.007830  1.401361 0.003587  1.409819 0.008583 | 1.401599 0.003797 |  0.0787
48      1022      | 1.396105  1.404381  1.457967 | 1.409603 0.007562  1.401469 0.003458  1.411539 0.008448 | 1.401884 0.003673 |  0.0804
49      987       | 1.425601  1.417347  1.378216 | 1.410155 0.007317  1.402017 0.003382  1.410390 0.008232 | 1.402323 0.003552 |  0.0819
50      1029      | 1.366706  1.402614  1.379784 | 1.408707 0.007216  1.402037 0.003267  1.409370 0.008018 | 1.402339 0.003399 |  0.0836

******************* Tally Table Start *******************
************ 1 tallies in total follows. ************
**** Fission energy tally: ID = -1, Cell Number = 5 ****
cell = 1 > 60 > 3
                         3.7489E+00      0.017378
cell = 1 > 61 > 3
                         3.7666E+00      0.020677
cell = 1 > 62 > 3
                         3.8724E+00      0.021242
cell = 1 > 72 > 3
                         3.8978E+00      0.020419
cell = 1 > 50 > 3
                         3.8033E+00      0.019962
******************** Tally Table End ********************

Average collisons per partile: 38.19 

Final Keff: 1.402339      Variance: 0.003399

RMC Calculation Finish.
Total Calculation Time: 0.084 minutes(cpu), 0.083 minutes(wall)
Input File=inp1   Output File=inp1.out     2012/07/19 21:45:29 Thursday
